2024-02-23T17:45:10.445Z - GET /sobre
2024-02-23T17:45:22.591Z - GET /
2024-02-26T14:29:24.508Z - GET /
2024-02-26T14:29:30.932Z - GET /v1/lorem
2024-02-26T14:30:14.679Z - GET /v1/lorem/
2024-02-26T14:30:18.333Z - GET /v1/lorem/sobre
2024-02-26T14:30:36.430Z - GET /v1/lorem/sobre
2024-02-26T14:30:56.980Z - GET /v1/lorem
2024-02-26T14:32:04.752Z - GET /v1/lorem
2024-02-26T14:32:04.776Z - GET /favicon.ico
2024-02-26T14:32:09.614Z - GET /v1/lorem/4
2024-02-26T14:32:28.716Z - GET /v1/lorem/12
2024-02-26T14:32:44.601Z - GET /v1/lorem/12
2024-02-26T14:32:48.088Z - GET /v1/lorem/sobre
2024-02-26T16:29:45.750Z - GET /v1/lorem/sobre
2024-02-26T16:29:45.786Z - GET /favicon.ico
2024-02-26T16:38:51.974Z - GET /v1/lorem/sobre
2024-02-26T16:39:16.829Z - GET /v1/produto/
2024-02-26T16:39:23.527Z - POST /v1/produto/
2024-02-26T16:47:00.789Z - GET /v1/produto/
2024-02-26T16:47:25.665Z - POST /v1/produto/
2024-02-26T16:55:00.981Z - POST /v1/produto/
2024-02-26T16:55:06.359Z - POST /v1/produto/
2024-02-26T16:55:14.931Z - POST /v1/produto/
2024-02-26T16:55:15.481Z - POST /v1/produto/
2024-02-26T16:55:27.955Z - POST /v1/produto/
2024-02-26T17:04:50.610Z - POST /v1/produto/
2024-02-26T17:06:56.893Z - POST /v1/produto/
2024-02-26T17:06:57.873Z - POST /v1/produto/
2024-02-26T17:07:51.494Z - POST /v1/produto/
2024-02-26T17:07:52.500Z - POST /v1/produto/
2024-02-26T17:07:53.474Z - POST /v1/produto/
